<?xml version="1.0" encoding="UTF-8"?>
<testsuite xmlns:xsi="http://www.w3.org/2001/XMLSchema-instance" xsi:noNamespaceSchemaLocation="https://maven.apache.org/surefire/maven-surefire-plugin/xsd/surefire-test-report-3.0.xsd" version="3.0" name="com.example.controllers.AuthTest" time="0.579" tests="2" errors="0" skipped="0" failures="0">
  <properties>
[...]
</properties>
  <testcase name="testLogin" classname="com.example.controllers.AuthTest" time="0.477">
    <system-out><![CDATA[âœ… Database connected successfully!
âœ… Login successful! Welcome, isianioui (admin)
]]></system-out>
  </testcase>
  <testcase name="testRegistration" classname="com.example.controllers.AuthTest" time="0.067">
    <system-out><![CDATA[â�Œ User registration failed.
]]></system-out>
    <system-err><![CDATA[â�Œ Registration failed: This connection has been closed.
]]></system-err>
  </testcase>
</testsuite>